◇ injected env (3) from .env // tip: ⌁ auth for agents [www.vestauth.com]
◇ injected env (0) from .env // tip: ⌘ custom filepath { path: '/custom/path/.env' }
◇ injected env (0) from .env // tip: ⌁ auth for agents [www.vestauth.com]
◇ injected env (0) from .env // tip: ◈ encrypted .env [www.dotenvx.com]
Server is running on port 5000
12:20:52 PM [tsx] change in ./src\modules\courses\courses.controller.ts Restarting...
c12:20:53 PM [tsx] change in ./src\modules\courses\courses.controller.ts Restarting...
c12:20:56 PM [tsx] change in ./src\modules\courses\courses.controller.ts Restarting...
c12:20:56 PM [tsx] change in ./src\modules\courses\courses.controller.ts Restarting...
c◇ injected env (3) from .env // tip: ⌘ multiple files { path: ['.env.local', '.env'] }
◇ injected env (0) from .env // tip: ◈ encrypted .env [www.dotenvx.com]
◇ injected env (0) from .env // tip: ◈ encrypted .env [www.dotenvx.com]
12:20:59 PM [tsx] change in ./src\modules\courses\courses.controller.ts Restarting...
c12:20:59 PM [tsx] change in ./src\modules\courses\courses.controller.ts Restarting...
c12:21:00 PM [tsx] change in ./src\modules\courses\courses.controller.ts Restarting...
c◇ injected env (3) from .env // tip: ◈ secrets for agents [www.dotenvx.com]
◇ injected env (0) from .env // tip: ⌘ suppress logs { quiet: true }
◇ injected env (0) from .env // tip: ⌘ custom filepath { path: '/custom/path/.env' }
12:21:04 PM [tsx] change in ./src\modules\courses\courses.controller.ts Restarting...
c◇ injected env (3) from .env // tip: ◈ secrets for agents [www.dotenvx.com]
◇ injected env (0) from .env // tip: ⌘ enable debugging { debug: true }
12:21:06 PM [tsx] change in ./src\modules\courses\courses.controller.ts Restarting...
c12:21:07 PM [tsx] change in ./src\modules\courses\courses.controller.ts Restarting...
c◇ injected env (3) from .env // tip: ⌘ multiple files { path: ['.env.local', '.env'] }
◇ injected env (0) from .env // tip: ⌘ suppress logs { quiet: true }
◇ injected env (0) from .env // tip: ⌘ custom filepath { path: '/custom/path/.env' }
◇ injected env (0) from .env // tip: ◈ secrets for agents [www.dotenvx.com]
Server is running on port 5000
12:21:22 PM [tsx] change in ./src\modules\courses\courses.controller.ts Restarting...
c◇ injected env (3) from .env // tip: ⌘ override existing { override: true }
◇ injected env (0) from .env // tip: ⌘ enable debugging { debug: true }
◇ injected env (0) from .env // tip: ◈ encrypted .env [www.dotenvx.com]
◇ injected env (0) from .env // tip: ⌘ multiple files { path: ['.env.local', '.env'] }
12:21:33 PM [tsx] change in ./src\modules\courses\courses.controller.ts Rerunning...
c◇ injected env (3) from .env // tip: ⌘ enable debugging { debug: true }
◇ injected env (0) from .env // tip: ⌘ custom filepath { path: '/custom/path/.env' }
◇ injected env (0) from .env // tip: ⌘ enable debugging { debug: true }
◇ injected env (0) from .env // tip: ◈ encrypted .env [www.dotenvx.com]
12:21:45 PM [tsx] change in ./src\modules\courses\courses.service.ts Rerunning...
c◇ injected env (3) from .env // tip: ⌘ multiple files { path: ['.env.local', '.env'] }
◇ injected env (0) from .env // tip: ⌘ override existing { override: true }
◇ injected env (0) from .env // tip: ⌘ enable debugging { debug: true }
◇ injected env (0) from .env // tip: ⌘ override existing { override: true }
12:21:55 PM [tsx] change in ./src\modules\rooms\bookings.controller.ts Rerunning...
c◇ injected env (3) from .env // tip: ⌘ suppress logs { quiet: true }
◇ injected env (0) from .env // tip: ⌘ custom filepath { path: '/custom/path/.env' }
◇ injected env (0) from .env // tip: ⌁ auth for agents [www.vestauth.com]
◇ injected env (0) from .env // tip: ◈ secrets for agents [www.dotenvx.com]
12:22:07 PM [tsx] change in ./src\modules\rooms\bookings.controller.ts Rerunning...
c◇ injected env (3) from .env // tip: ◈ encrypted .env [www.dotenvx.com]
◇ injected env (0) from .env // tip: ⌘ suppress logs { quiet: true }
◇ injected env (0) from .env // tip: ⌘ custom filepath { path: '/custom/path/.env' }
◇ injected env (0) from .env // tip: ⌘ custom filepath { path: '/custom/path/.env' }
12:22:22 PM [tsx] change in ./src\modules\rooms\bookings.controller.ts Rerunning...
c◇ injected env (3) from .env // tip: ◈ secrets for agents [www.dotenvx.com]
◇ injected env (0) from .env // tip: ◈ secrets for agents [www.dotenvx.com]
◇ injected env (0) from .env // tip: ⌘ enable debugging { debug: true }
◇ injected env (0) from .env // tip: ⌘ enable debugging { debug: true }
12:22:33 PM [tsx] change in ./src\modules\rooms\bookings.controller.ts Rerunning...
c◇ injected env (3) from .env // tip: ⌘ suppress logs { quiet: true }
◇ injected env (0) from .env // tip: ◈ encrypted .env [www.dotenvx.com]
◇ injected env (0) from .env // tip: ⌘ override existing { override: true }
12:22:41 PM [tsx] change in ./src\modules\rooms\bookings.controller.ts Rerunning...
c◇ injected env (3) from .env // tip: ⌘ suppress logs { quiet: true }
◇ injected env (0) from .env // tip: ⌘ enable debugging { debug: true }
◇ injected env (0) from .env // tip: ⌘ suppress logs { quiet: true }
12:22:53 PM [tsx] change in ./src\modules\rooms\bookings.service.ts Rerunning...
c◇ injected env (3) from .env // tip: ⌁ auth for agents [www.vestauth.com]
◇ injected env (0) from .env // tip: ⌘ suppress logs { quiet: true }
◇ injected env (0) from .env // tip: ⌘ suppress logs { quiet: true }
12:23:02 PM [tsx] change in ./src\modules\rooms\bookings.service.ts Rerunning...
c◇ injected env (3) from .env // tip: ◈ secrets for agents [www.dotenvx.com]
◇ injected env (0) from .env // tip: ◈ encrypted .env [www.dotenvx.com]
◇ injected env (0) from .env // tip: ◈ secrets for agents [www.dotenvx.com]
12:23:11 PM [tsx] change in ./src\modules\rooms\rooms.controller.ts Rerunning...
c12:23:11 PM [tsx] change in ./src\modules\rooms\rooms.controller.ts Restarting...
c12:23:12 PM [tsx] change in ./src\modules\rooms\rooms.controller.ts Restarting...
c◇ injected env (3) from .env // tip: ⌘ custom filepath { path: '/custom/path/.env' }
◇ injected env (0) from .env // tip: ⌘ custom filepath { path: '/custom/path/.env' }
◇ injected env (0) from .env // tip: ⌘ multiple files { path: ['.env.local', '.env'] }
12:23:15 PM [tsx] change in ./src\modules\rooms\rooms.controller.ts Rerunning...
c◇ injected env (3) from .env // tip: ⌘ multiple files { path: ['.env.local', '.env'] }
◇ injected env (0) from .env // tip: ⌘ multiple files { path: ['.env.local', '.env'] }
◇ injected env (0) from .env // tip: ⌘ enable debugging { debug: true }
12:23:26 PM [tsx] change in ./src\modules\debts\controller.ts Rerunning...
c12:23:27 PM [tsx] change in ./src\modules\debts\controller.ts Restarting...
c12:23:28 PM [tsx] change in ./src\modules\debts\controller.ts Restarting...
c12:23:30 PM [tsx] change in ./src\modules\debts\controller.ts Restarting...
c◇ injected env (3) from .env // tip: ⌁ auth for agents [www.vestauth.com]
◇ injected env (0) from .env // tip: ⌁ auth for agents [www.vestauth.com]
◇ injected env (0) from .env // tip: ⌘ enable debugging { debug: true }
12:23:39 PM [tsx] change in ./src\modules\expenses\controller.ts Rerunning...
c12:23:40 PM [tsx] change in ./src\modules\expenses\controller.ts Restarting...
c12:23:42 PM [tsx] change in ./src\modules\expenses\controller.ts Restarting...
c◇ injected env (3) from .env // tip: ⌁ auth for agents [www.vestauth.com]
◇ injected env (0) from .env // tip: ⌘ multiple files { path: ['.env.local', '.env'] }
◇ injected env (0) from .env // tip: ⌘ override existing { override: true }
12:23:49 PM [tsx] change in ./src\modules\followUp\controller.ts Rerunning...
c12:23:50 PM [tsx] change in ./src\modules\followUp\controller.ts Restarting...
c12:23:52 PM [tsx] change in ./src\modules\followUp\controller.ts Restarting...
c◇ injected env (3) from .env // tip: ◈ encrypted .env [www.dotenvx.com]
◇ injected env (0) from .env // tip: ⌘ enable debugging { debug: true }
◇ injected env (0) from .env // tip: ⌘ override existing { override: true }
12:24:00 PM [tsx] change in ./src\modules\staff\controller.ts Rerunning...
c◇ injected env (3) from .env // tip: ⌘ multiple files { path: ['.env.local', '.env'] }
◇ injected env (0) from .env // tip: ◈ encrypted .env [www.dotenvx.com]
12:24:02 PM [tsx] change in ./src\modules\staff\controller.ts Restarting...
c12:24:03 PM [tsx] change in ./src\modules\staff\controller.ts Restarting...
c12:24:04 PM [tsx] change in ./src\modules\staff\controller.ts Restarting...
c◇ injected env (3) from .env // tip: ⌘ enable debugging { debug: true }
◇ injected env (0) from .env // tip: ⌘ custom filepath { path: '/custom/path/.env' }
◇ injected env (0) from .env // tip: ◈ encrypted .env [www.dotenvx.com]
12:24:12 PM [tsx] change in ./src\modules\staff\permController.ts Rerunning...
c◇ injected env (3) from .env // tip: ⌘ enable debugging { debug: true }
◇ injected env (0) from .env // tip: ⌘ enable debugging { debug: true }
12:24:13 PM [tsx] change in ./src\modules\staff\permController.ts Restarting...
c12:24:14 PM [tsx] change in ./src\modules\staff\permController.ts Restarting...
c◇ injected env (3) from .env // tip: ⌘ suppress logs { quiet: true }
◇ injected env (0) from .env // tip: ⌘ multiple files { path: ['.env.local', '.env'] }
◇ injected env (0) from .env // tip: ◈ secrets for agents [www.dotenvx.com]
12:24:24 PM [tsx] change in ./src\modules\reports\controller.ts Rerunning...
c◇ injected env (3) from .env // tip: ⌘ multiple files { path: ['.env.local', '.env'] }
◇ injected env (0) from .env // tip: ⌘ custom filepath { path: '/custom/path/.env' }
◇ injected env (0) from .env // tip: ⌁ auth for agents [www.vestauth.com]
12:25:16 PM [tsx] change in ./src\modules\rooms\bookings.controller.ts Rerunning...
c◇ injected env (3) from .env // tip: ⌘ enable debugging { debug: true }
◇ injected env (0) from .env // tip: ⌘ custom filepath { path: '/custom/path/.env' }
◇ injected env (0) from .env // tip: ⌘ multiple files { path: ['.env.local', '.env'] }
◇ injected env (0) from .env // tip: ◈ secrets for agents [www.dotenvx.com]
12:25:46 PM [tsx] change in ./src\modules\courses\courses.service.ts Rerunning...
c◇ injected env (3) from .env // tip: ⌘ custom filepath { path: '/custom/path/.env' }
◇ injected env (0) from .env // tip: ⌘ override existing { override: true }
◇ injected env (0) from .env // tip: ⌘ suppress logs { quiet: true }
◇ injected env (0) from .env // tip: ◈ encrypted .env [www.dotenvx.com]
