◇ injected env (3) from .env // tip: ⌘ enable debugging { debug: true }
◇ injected env (0) from .env // tip: ◈ secrets for agents [www.dotenvx.com]
Server is running on port 5000
(node:8452) Warning: SECURITY WARNING: The SSL modes 'prefer', 'require', and 'verify-ca' are treated as aliases for 'verify-full'.
In the next major version (pg-connection-string v3.0.0 and pg v9.0.0), these modes will adopt standard libpq semantics, which have weaker security guarantees.

To prepare for this change:
- If you want the current behavior, explicitly use 'sslmode=verify-full'
- If you want libpq compatibility now, use 'uselibpqcompat=true&sslmode=require'

See https://www.postgresql.org/docs/current/libpq-ssl.html for libpq SSL mode definitions.
(Use `node --trace-warnings ...` to show where the warning was created)
Socket client connected: Tmin1GnXRNSC7ICxAAAB
Socket client disconnected: Tmin1GnXRNSC7ICxAAAB
Socket client connected: nN8SJu6L6S5BNMXyAAAE
Socket client disconnected: nN8SJu6L6S5BNMXyAAAE
Socket client connected: ZuBmDFyuXxiSxo0_AAAH
Socket client disconnected: ZuBmDFyuXxiSxo0_AAAH
Socket client connected: I39Sf6EBcLWdN7a3AAAK
Socket client disconnected: I39Sf6EBcLWdN7a3AAAK
Socket client connected: o2NeTg96YF_I9EivAAAN
Socket client disconnected: o2NeTg96YF_I9EivAAAN
Socket client connected: JeSx3da9IBBLHzd1AAAQ
Socket client disconnected: JeSx3da9IBBLHzd1AAAQ
Socket client connected: 5d6CWo_pAZRe87_8AAAT
Socket client disconnected: 5d6CWo_pAZRe87_8AAAT
Socket client connected: H_vXnX6pI5TiGEJAAAAW
Socket client disconnected: H_vXnX6pI5TiGEJAAAAW
Socket client connected: 39SaTsCQCot6lzj-AAAZ
Socket client disconnected: 39SaTsCQCot6lzj-AAAZ
