(node:21392) Warning: SECURITY WARNING: The SSL modes 'prefer', 'require', and 'verify-ca' are treated as aliases for 'verify-full'.
In the next major version (pg-connection-string v3.0.0 and pg v9.0.0), these modes will adopt standard libpq semantics, which have weaker security guarantees.

To prepare for this change:
- If you want the current behavior, explicitly use 'sslmode=verify-full'
- If you want libpq compatibility now, use 'uselibpqcompat=true&sslmode=require'

See https://www.postgresql.org/docs/current/libpq-ssl.html for libpq SSL mode definitions.
(Use `node --trace-warnings ...` to show where the warning was created)
node:events:496
      throw er; // Unhandled 'error' event
      ^

Error: listen EADDRINUSE: address already in use :::5000
    at Server.setupListenHandle [as _listen2] (node:net:1939:16)
    at listenInCluster (node:net:1996:12)
    at Server.listen (node:net:2101:7)
    at app (D:\noonCowork\noon\coworking-backend\src\server.ts:30:8)
    at Object.<anonymous> (D:\noonCowork\noon\coworking-backend\src\server.ts:32:2)
    at Module._compile (node:internal/modules/cjs/loader:1730:14)
    at Object.transformer (D:\noonCowork\noon\coworking-backend\node_modules\tsx\dist\register-BOkp8V6j.cjs:9:3176)
    at Module.load (node:internal/modules/cjs/loader:1465:32)
    at Function._load (node:internal/modules/cjs/loader:1282:12)
    at TracingChannel.traceSync (node:diagnostics_channel:322:14)
    at wrapModuleLoad (node:internal/modules/cjs/loader:235:24)
    at cjsLoader (node:internal/modules/esm/translators:266:5)
    at ModuleWrap.<anonymous> (node:internal/modules/esm/translators:200:7)
    at ModuleJob.run (node:internal/modules/esm/module_job:274:25)
    at async onImport.tracePromise.__proto__ (node:internal/modules/esm/loader:644:26)
    at async asyncRunEntryPointWithESMLoader (node:internal/modules/run_main:116:5)
Emitted 'error' event on Server instance at:
    at emitErrorNT (node:net:1975:8)
    at process.processTicksAndRejections (node:internal/process/task_queues:90:21) {
  code: 'EADDRINUSE',
  errno: -4091,
  syscall: 'listen',
  address: '::',
  port: 5000
}

Node.js v22.15.0
node:events:496
      throw er; // Unhandled 'error' event
      ^

Error: listen EADDRINUSE: address already in use :::5000
    at Server.setupListenHandle [as _listen2] (node:net:1939:16)
    at listenInCluster (node:net:1996:12)
    at Server.listen (node:net:2101:7)
    at app (D:\noonCowork\noon\coworking-backend\src\server.ts:30:8)
    at Object.<anonymous> (D:\noonCowork\noon\coworking-backend\src\server.ts:32:2)
    at Module._compile (node:internal/modules/cjs/loader:1730:14)
    at Object.transformer (D:\noonCowork\noon\coworking-backend\node_modules\tsx\dist\register-BOkp8V6j.cjs:9:3176)
    at Module.load (node:internal/modules/cjs/loader:1465:32)
    at Function._load (node:internal/modules/cjs/loader:1282:12)
    at TracingChannel.traceSync (node:diagnostics_channel:322:14)
    at wrapModuleLoad (node:internal/modules/cjs/loader:235:24)
    at cjsLoader (node:internal/modules/esm/translators:266:5)
    at ModuleWrap.<anonymous> (node:internal/modules/esm/translators:200:7)
    at ModuleJob.run (node:internal/modules/esm/module_job:274:25)
    at async onImport.tracePromise.__proto__ (node:internal/modules/esm/loader:644:26)
    at async asyncRunEntryPointWithESMLoader (node:internal/modules/run_main:116:5)
Emitted 'error' event on Server instance at:
    at emitErrorNT (node:net:1975:8)
    at process.processTicksAndRejections (node:internal/process/task_queues:90:21) {
  code: 'EADDRINUSE',
  errno: -4091,
  syscall: 'listen',
  address: '::',
  port: 5000
}

Node.js v22.15.0
node:events:496
      throw er; // Unhandled 'error' event
      ^

Error: listen EADDRINUSE: address already in use :::5000
    at Server.setupListenHandle [as _listen2] (node:net:1939:16)
    at listenInCluster (node:net:1996:12)
    at Server.listen (node:net:2101:7)
    at app (D:\noonCowork\noon\coworking-backend\src\server.ts:30:8)
    at Object.<anonymous> (D:\noonCowork\noon\coworking-backend\src\server.ts:32:2)
    at Module._compile (node:internal/modules/cjs/loader:1730:14)
    at Object.transformer (D:\noonCowork\noon\coworking-backend\node_modules\tsx\dist\register-BOkp8V6j.cjs:9:3176)
    at Module.load (node:internal/modules/cjs/loader:1465:32)
    at Function._load (node:internal/modules/cjs/loader:1282:12)
    at TracingChannel.traceSync (node:diagnostics_channel:322:14)
    at wrapModuleLoad (node:internal/modules/cjs/loader:235:24)
    at cjsLoader (node:internal/modules/esm/translators:266:5)
    at ModuleWrap.<anonymous> (node:internal/modules/esm/translators:200:7)
    at ModuleJob.run (node:internal/modules/esm/module_job:274:25)
    at async onImport.tracePromise.__proto__ (node:internal/modules/esm/loader:644:26)
    at async asyncRunEntryPointWithESMLoader (node:internal/modules/run_main:116:5)
Emitted 'error' event on Server instance at:
    at emitErrorNT (node:net:1975:8)
    at process.processTicksAndRejections (node:internal/process/task_queues:90:21) {
  code: 'EADDRINUSE',
  errno: -4091,
  syscall: 'listen',
  address: '::',
  port: 5000
}

Node.js v22.15.0
node:events:496
      throw er; // Unhandled 'error' event
      ^

Error: listen EADDRINUSE: address already in use :::5000
    at Server.setupListenHandle [as _listen2] (node:net:1939:16)
    at listenInCluster (node:net:1996:12)
    at Server.listen (node:net:2101:7)
    at app (D:\noonCowork\noon\coworking-backend\src\server.ts:30:8)
    at Object.<anonymous> (D:\noonCowork\noon\coworking-backend\src\server.ts:32:2)
    at Module._compile (node:internal/modules/cjs/loader:1730:14)
    at Object.transformer (D:\noonCowork\noon\coworking-backend\node_modules\tsx\dist\register-BOkp8V6j.cjs:9:3176)
    at Module.load (node:internal/modules/cjs/loader:1465:32)
    at Function._load (node:internal/modules/cjs/loader:1282:12)
    at TracingChannel.traceSync (node:diagnostics_channel:322:14)
    at wrapModuleLoad (node:internal/modules/cjs/loader:235:24)
    at cjsLoader (node:internal/modules/esm/translators:266:5)
    at ModuleWrap.<anonymous> (node:internal/modules/esm/translators:200:7)
    at ModuleJob.run (node:internal/modules/esm/module_job:274:25)
    at async onImport.tracePromise.__proto__ (node:internal/modules/esm/loader:644:26)
    at async asyncRunEntryPointWithESMLoader (node:internal/modules/run_main:116:5)
Emitted 'error' event on Server instance at:
    at emitErrorNT (node:net:1975:8)
    at process.processTicksAndRejections (node:internal/process/task_queues:90:21) {
  code: 'EADDRINUSE',
  errno: -4091,
  syscall: 'listen',
  address: '::',
  port: 5000
}

Node.js v22.15.0
node:events:496
      throw er; // Unhandled 'error' event
      ^

Error: listen EADDRINUSE: address already in use :::5000
    at Server.setupListenHandle [as _listen2] (node:net:1939:16)
    at listenInCluster (node:net:1996:12)
    at Server.listen (node:net:2101:7)
    at app (D:\noonCowork\noon\coworking-backend\src\server.ts:30:8)
    at Object.<anonymous> (D:\noonCowork\noon\coworking-backend\src\server.ts:32:2)
    at Module._compile (node:internal/modules/cjs/loader:1730:14)
    at Object.transformer (D:\noonCowork\noon\coworking-backend\node_modules\tsx\dist\register-BOkp8V6j.cjs:9:3176)
    at Module.load (node:internal/modules/cjs/loader:1465:32)
    at Function._load (node:internal/modules/cjs/loader:1282:12)
    at TracingChannel.traceSync (node:diagnostics_channel:322:14)
    at wrapModuleLoad (node:internal/modules/cjs/loader:235:24)
    at cjsLoader (node:internal/modules/esm/translators:266:5)
    at ModuleWrap.<anonymous> (node:internal/modules/esm/translators:200:7)
    at ModuleJob.run (node:internal/modules/esm/module_job:274:25)
    at async onImport.tracePromise.__proto__ (node:internal/modules/esm/loader:644:26)
    at async asyncRunEntryPointWithESMLoader (node:internal/modules/run_main:116:5)
Emitted 'error' event on Server instance at:
    at emitErrorNT (node:net:1975:8)
    at process.processTicksAndRejections (node:internal/process/task_queues:90:21) {
  code: 'EADDRINUSE',
  errno: -4091,
  syscall: 'listen',
  address: '::',
  port: 5000
}

Node.js v22.15.0
node:events:496
      throw er; // Unhandled 'error' event
      ^

Error: listen EADDRINUSE: address already in use :::5000
    at Server.setupListenHandle [as _listen2] (node:net:1939:16)
    at listenInCluster (node:net:1996:12)
    at Server.listen (node:net:2101:7)
    at app (D:\noonCowork\noon\coworking-backend\src\server.ts:30:8)
    at Object.<anonymous> (D:\noonCowork\noon\coworking-backend\src\server.ts:32:2)
    at Module._compile (node:internal/modules/cjs/loader:1730:14)
    at Object.transformer (D:\noonCowork\noon\coworking-backend\node_modules\tsx\dist\register-BOkp8V6j.cjs:9:3176)
    at Module.load (node:internal/modules/cjs/loader:1465:32)
    at Function._load (node:internal/modules/cjs/loader:1282:12)
    at TracingChannel.traceSync (node:diagnostics_channel:322:14)
    at wrapModuleLoad (node:internal/modules/cjs/loader:235:24)
    at cjsLoader (node:internal/modules/esm/translators:266:5)
    at ModuleWrap.<anonymous> (node:internal/modules/esm/translators:200:7)
    at ModuleJob.run (node:internal/modules/esm/module_job:274:25)
    at async onImport.tracePromise.__proto__ (node:internal/modules/esm/loader:644:26)
    at async asyncRunEntryPointWithESMLoader (node:internal/modules/run_main:116:5)
Emitted 'error' event on Server instance at:
    at emitErrorNT (node:net:1975:8)
    at process.processTicksAndRejections (node:internal/process/task_queues:90:21) {
  code: 'EADDRINUSE',
  errno: -4091,
  syscall: 'listen',
  address: '::',
  port: 5000
}

Node.js v22.15.0
node:internal/modules/run_main:122
    triggerUncaughtException(
    ^

Error: Transform failed with 1 error:
D:\noonCowork\noon\coworking-backend\src\modules\rooms\bookings.controller.ts:77:2: ERROR: Unexpected "}"
    at failureErrorWithLog (D:\noonCowork\noon\coworking-backend\node_modules\esbuild\lib\main.js:1748:15)
    at D:\noonCowork\noon\coworking-backend\node_modules\esbuild\lib\main.js:1017:50
    at responseCallbacks.<computed> (D:\noonCowork\noon\coworking-backend\node_modules\esbuild\lib\main.js:884:9)
    at handleIncomingPacket (D:\noonCowork\noon\coworking-backend\node_modules\esbuild\lib\main.js:939:12)
    at Socket.readFromStdout (D:\noonCowork\noon\coworking-backend\node_modules\esbuild\lib\main.js:862:7)
    at Socket.emit (node:events:518:28)
    at addChunk (node:internal/streams/readable:561:12)
    at readableAddChunkPushByteMode (node:internal/streams/readable:512:3)
    at Readable.push (node:internal/streams/readable:392:5)
    at Pipe.onStreamRead (node:internal/stream_base_commons:189:23) {
  name: 'TransformError'
}

Node.js v22.15.0
node:internal/modules/run_main:122
    triggerUncaughtException(
    ^

Error: Transform failed with 1 error:
D:\noonCowork\noon\coworking-backend\src\modules\rooms\bookings.controller.ts:77:2: ERROR: Unexpected "}"
    at failureErrorWithLog (D:\noonCowork\noon\coworking-backend\node_modules\esbuild\lib\main.js:1748:15)
    at D:\noonCowork\noon\coworking-backend\node_modules\esbuild\lib\main.js:1017:50
    at responseCallbacks.<computed> (D:\noonCowork\noon\coworking-backend\node_modules\esbuild\lib\main.js:884:9)
    at handleIncomingPacket (D:\noonCowork\noon\coworking-backend\node_modules\esbuild\lib\main.js:939:12)
    at Socket.readFromStdout (D:\noonCowork\noon\coworking-backend\node_modules\esbuild\lib\main.js:862:7)
    at Socket.emit (node:events:518:28)
    at addChunk (node:internal/streams/readable:561:12)
    at readableAddChunkPushByteMode (node:internal/streams/readable:512:3)
    at Readable.push (node:internal/streams/readable:392:5)
    at Pipe.onStreamRead (node:internal/stream_base_commons:189:23) {
  name: 'TransformError'
}

Node.js v22.15.0
node:internal/modules/run_main:122
    triggerUncaughtException(
    ^

Error: Transform failed with 1 error:
D:\noonCowork\noon\coworking-backend\src\modules\rooms\bookings.controller.ts:77:2: ERROR: Unexpected "}"
    at failureErrorWithLog (D:\noonCowork\noon\coworking-backend\node_modules\esbuild\lib\main.js:1748:15)
    at D:\noonCowork\noon\coworking-backend\node_modules\esbuild\lib\main.js:1017:50
    at responseCallbacks.<computed> (D:\noonCowork\noon\coworking-backend\node_modules\esbuild\lib\main.js:884:9)
    at handleIncomingPacket (D:\noonCowork\noon\coworking-backend\node_modules\esbuild\lib\main.js:939:12)
    at Socket.readFromStdout (D:\noonCowork\noon\coworking-backend\node_modules\esbuild\lib\main.js:862:7)
    at Socket.emit (node:events:518:28)
    at addChunk (node:internal/streams/readable:561:12)
    at readableAddChunkPushByteMode (node:internal/streams/readable:512:3)
    at Readable.push (node:internal/streams/readable:392:5)
    at Pipe.onStreamRead (node:internal/stream_base_commons:189:23) {
  name: 'TransformError'
}

Node.js v22.15.0
node:internal/modules/run_main:122
    triggerUncaughtException(
    ^

Error: Transform failed with 1 error:
D:\noonCowork\noon\coworking-backend\src\modules\rooms\bookings.controller.ts:77:2: ERROR: Unexpected "}"
    at failureErrorWithLog (D:\noonCowork\noon\coworking-backend\node_modules\esbuild\lib\main.js:1748:15)
    at D:\noonCowork\noon\coworking-backend\node_modules\esbuild\lib\main.js:1017:50
    at responseCallbacks.<computed> (D:\noonCowork\noon\coworking-backend\node_modules\esbuild\lib\main.js:884:9)
    at handleIncomingPacket (D:\noonCowork\noon\coworking-backend\node_modules\esbuild\lib\main.js:939:12)
    at Socket.readFromStdout (D:\noonCowork\noon\coworking-backend\node_modules\esbuild\lib\main.js:862:7)
    at Socket.emit (node:events:518:28)
    at addChunk (node:internal/streams/readable:561:12)
    at readableAddChunkPushByteMode (node:internal/streams/readable:512:3)
    at Readable.push (node:internal/streams/readable:392:5)
    at Pipe.onStreamRead (node:internal/stream_base_commons:189:23) {
  name: 'TransformError'
}

Node.js v22.15.0
node:internal/modules/run_main:122
    triggerUncaughtException(
    ^

Error: Transform failed with 1 error:
D:\noonCowork\noon\coworking-backend\src\modules\rooms\bookings.controller.ts:77:2: ERROR: Unexpected "}"
    at failureErrorWithLog (D:\noonCowork\noon\coworking-backend\node_modules\esbuild\lib\main.js:1748:15)
    at D:\noonCowork\noon\coworking-backend\node_modules\esbuild\lib\main.js:1017:50
    at responseCallbacks.<computed> (D:\noonCowork\noon\coworking-backend\node_modules\esbuild\lib\main.js:884:9)
    at handleIncomingPacket (D:\noonCowork\noon\coworking-backend\node_modules\esbuild\lib\main.js:939:12)
    at Socket.readFromStdout (D:\noonCowork\noon\coworking-backend\node_modules\esbuild\lib\main.js:862:7)
    at Socket.emit (node:events:518:28)
    at addChunk (node:internal/streams/readable:561:12)
    at readableAddChunkPushByteMode (node:internal/streams/readable:512:3)
    at Readable.push (node:internal/streams/readable:392:5)
    at Pipe.onStreamRead (node:internal/stream_base_commons:189:23) {
  name: 'TransformError'
}

Node.js v22.15.0
node:internal/modules/run_main:122
    triggerUncaughtException(
    ^

Error: Transform failed with 1 error:
D:\noonCowork\noon\coworking-backend\src\modules\rooms\bookings.controller.ts:77:2: ERROR: Unexpected "}"
    at failureErrorWithLog (D:\noonCowork\noon\coworking-backend\node_modules\esbuild\lib\main.js:1748:15)
    at D:\noonCowork\noon\coworking-backend\node_modules\esbuild\lib\main.js:1017:50
    at responseCallbacks.<computed> (D:\noonCowork\noon\coworking-backend\node_modules\esbuild\lib\main.js:884:9)
    at handleIncomingPacket (D:\noonCowork\noon\coworking-backend\node_modules\esbuild\lib\main.js:939:12)
    at Socket.readFromStdout (D:\noonCowork\noon\coworking-backend\node_modules\esbuild\lib\main.js:862:7)
    at Socket.emit (node:events:518:28)
    at addChunk (node:internal/streams/readable:561:12)
    at readableAddChunkPushByteMode (node:internal/streams/readable:512:3)
    at Readable.push (node:internal/streams/readable:392:5)
    at Pipe.onStreamRead (node:internal/stream_base_commons:189:23) {
  name: 'TransformError'
}

Node.js v22.15.0
node:internal/modules/run_main:122
    triggerUncaughtException(
    ^

Error: Transform failed with 1 error:
D:\noonCowork\noon\coworking-backend\src\modules\rooms\bookings.controller.ts:77:2: ERROR: Unexpected "}"
    at failureErrorWithLog (D:\noonCowork\noon\coworking-backend\node_modules\esbuild\lib\main.js:1748:15)
    at D:\noonCowork\noon\coworking-backend\node_modules\esbuild\lib\main.js:1017:50
    at responseCallbacks.<computed> (D:\noonCowork\noon\coworking-backend\node_modules\esbuild\lib\main.js:884:9)
    at handleIncomingPacket (D:\noonCowork\noon\coworking-backend\node_modules\esbuild\lib\main.js:939:12)
    at Socket.readFromStdout (D:\noonCowork\noon\coworking-backend\node_modules\esbuild\lib\main.js:862:7)
    at Socket.emit (node:events:518:28)
    at addChunk (node:internal/streams/readable:561:12)
    at readableAddChunkPushByteMode (node:internal/streams/readable:512:3)
    at Readable.push (node:internal/streams/readable:392:5)
    at Pipe.onStreamRead (node:internal/stream_base_commons:189:23) {
  name: 'TransformError'
}

Node.js v22.15.0
node:internal/modules/run_main:122
    triggerUncaughtException(
    ^

Error: Transform failed with 1 error:
D:\noonCowork\noon\coworking-backend\src\modules\rooms\bookings.controller.ts:77:2: ERROR: Unexpected "}"
    at failureErrorWithLog (D:\noonCowork\noon\coworking-backend\node_modules\esbuild\lib\main.js:1748:15)
    at D:\noonCowork\noon\coworking-backend\node_modules\esbuild\lib\main.js:1017:50
    at responseCallbacks.<computed> (D:\noonCowork\noon\coworking-backend\node_modules\esbuild\lib\main.js:884:9)
    at handleIncomingPacket (D:\noonCowork\noon\coworking-backend\node_modules\esbuild\lib\main.js:939:12)
    at Socket.readFromStdout (D:\noonCowork\noon\coworking-backend\node_modules\esbuild\lib\main.js:862:7)
    at Socket.emit (node:events:518:28)
    at addChunk (node:internal/streams/readable:561:12)
    at readableAddChunkPushByteMode (node:internal/streams/readable:512:3)
    at Readable.push (node:internal/streams/readable:392:5)
    at Pipe.onStreamRead (node:internal/stream_base_commons:189:23) {
  name: 'TransformError'
}

Node.js v22.15.0
node:internal/modules/run_main:122
    triggerUncaughtException(
    ^

Error: Transform failed with 1 error:
D:\noonCowork\noon\coworking-backend\src\modules\rooms\bookings.controller.ts:77:2: ERROR: Unexpected "}"
    at failureErrorWithLog (D:\noonCowork\noon\coworking-backend\node_modules\esbuild\lib\main.js:1748:15)
    at D:\noonCowork\noon\coworking-backend\node_modules\esbuild\lib\main.js:1017:50
    at responseCallbacks.<computed> (D:\noonCowork\noon\coworking-backend\node_modules\esbuild\lib\main.js:884:9)
    at handleIncomingPacket (D:\noonCowork\noon\coworking-backend\node_modules\esbuild\lib\main.js:939:12)
    at Socket.readFromStdout (D:\noonCowork\noon\coworking-backend\node_modules\esbuild\lib\main.js:862:7)
    at Socket.emit (node:events:518:28)
    at addChunk (node:internal/streams/readable:561:12)
    at readableAddChunkPushByteMode (node:internal/streams/readable:512:3)
    at Readable.push (node:internal/streams/readable:392:5)
    at Pipe.onStreamRead (node:internal/stream_base_commons:189:23) {
  name: 'TransformError'
}

Node.js v22.15.0
node:internal/modules/run_main:122
    triggerUncaughtException(
    ^

Error: Transform failed with 1 error:
D:\noonCowork\noon\coworking-backend\src\modules\rooms\bookings.controller.ts:77:2: ERROR: Unexpected "}"
    at failureErrorWithLog (D:\noonCowork\noon\coworking-backend\node_modules\esbuild\lib\main.js:1748:15)
    at D:\noonCowork\noon\coworking-backend\node_modules\esbuild\lib\main.js:1017:50
    at responseCallbacks.<computed> (D:\noonCowork\noon\coworking-backend\node_modules\esbuild\lib\main.js:884:9)
    at handleIncomingPacket (D:\noonCowork\noon\coworking-backend\node_modules\esbuild\lib\main.js:939:12)
    at Socket.readFromStdout (D:\noonCowork\noon\coworking-backend\node_modules\esbuild\lib\main.js:862:7)
    at Socket.emit (node:events:518:28)
    at addChunk (node:internal/streams/readable:561:12)
    at readableAddChunkPushByteMode (node:internal/streams/readable:512:3)
    at Readable.push (node:internal/streams/readable:392:5)
    at Pipe.onStreamRead (node:internal/stream_base_commons:189:23) {
  name: 'TransformError'
}

Node.js v22.15.0
node:internal/modules/run_main:122
    triggerUncaughtException(
    ^

Error: Transform failed with 1 error:
D:\noonCowork\noon\coworking-backend\src\modules\rooms\bookings.controller.ts:77:2: ERROR: Unexpected "}"
    at failureErrorWithLog (D:\noonCowork\noon\coworking-backend\node_modules\esbuild\lib\main.js:1748:15)
    at D:\noonCowork\noon\coworking-backend\node_modules\esbuild\lib\main.js:1017:50
    at responseCallbacks.<computed> (D:\noonCowork\noon\coworking-backend\node_modules\esbuild\lib\main.js:884:9)
    at handleIncomingPacket (D:\noonCowork\noon\coworking-backend\node_modules\esbuild\lib\main.js:939:12)
    at Socket.readFromStdout (D:\noonCowork\noon\coworking-backend\node_modules\esbuild\lib\main.js:862:7)
    at Socket.emit (node:events:518:28)
    at addChunk (node:internal/streams/readable:561:12)
    at readableAddChunkPushByteMode (node:internal/streams/readable:512:3)
    at Readable.push (node:internal/streams/readable:392:5)
    at Pipe.onStreamRead (node:internal/stream_base_commons:189:23) {
  name: 'TransformError'
}

Node.js v22.15.0
node:internal/modules/run_main:122
    triggerUncaughtException(
    ^

Error: Transform failed with 1 error:
D:\noonCowork\noon\coworking-backend\src\modules\rooms\bookings.controller.ts:77:2: ERROR: Unexpected "}"
    at failureErrorWithLog (D:\noonCowork\noon\coworking-backend\node_modules\esbuild\lib\main.js:1748:15)
    at D:\noonCowork\noon\coworking-backend\node_modules\esbuild\lib\main.js:1017:50
    at responseCallbacks.<computed> (D:\noonCowork\noon\coworking-backend\node_modules\esbuild\lib\main.js:884:9)
    at handleIncomingPacket (D:\noonCowork\noon\coworking-backend\node_modules\esbuild\lib\main.js:939:12)
    at Socket.readFromStdout (D:\noonCowork\noon\coworking-backend\node_modules\esbuild\lib\main.js:862:7)
    at Socket.emit (node:events:518:28)
    at addChunk (node:internal/streams/readable:561:12)
    at readableAddChunkPushByteMode (node:internal/streams/readable:512:3)
    at Readable.push (node:internal/streams/readable:392:5)
    at Pipe.onStreamRead (node:internal/stream_base_commons:189:23) {
  name: 'TransformError'
}

Node.js v22.15.0
node:events:496
      throw er; // Unhandled 'error' event
      ^

Error: listen EADDRINUSE: address already in use :::5000
    at Server.setupListenHandle [as _listen2] (node:net:1939:16)
    at listenInCluster (node:net:1996:12)
    at Server.listen (node:net:2101:7)
    at app (D:\noonCowork\noon\coworking-backend\src\server.ts:30:8)
    at Object.<anonymous> (D:\noonCowork\noon\coworking-backend\src\server.ts:32:2)
    at Module._compile (node:internal/modules/cjs/loader:1730:14)
    at Object.transformer (D:\noonCowork\noon\coworking-backend\node_modules\tsx\dist\register-BOkp8V6j.cjs:9:3176)
    at Module.load (node:internal/modules/cjs/loader:1465:32)
    at Function._load (node:internal/modules/cjs/loader:1282:12)
    at TracingChannel.traceSync (node:diagnostics_channel:322:14)
    at wrapModuleLoad (node:internal/modules/cjs/loader:235:24)
    at cjsLoader (node:internal/modules/esm/translators:266:5)
    at ModuleWrap.<anonymous> (node:internal/modules/esm/translators:200:7)
    at ModuleJob.run (node:internal/modules/esm/module_job:274:25)
    at async onImport.tracePromise.__proto__ (node:internal/modules/esm/loader:644:26)
    at async asyncRunEntryPointWithESMLoader (node:internal/modules/run_main:116:5)
Emitted 'error' event on Server instance at:
    at emitErrorNT (node:net:1975:8)
    at process.processTicksAndRejections (node:internal/process/task_queues:90:21) {
  code: 'EADDRINUSE',
  errno: -4091,
  syscall: 'listen',
  address: '::',
  port: 5000
}

Node.js v22.15.0
node:events:496
      throw er; // Unhandled 'error' event
      ^

Error: listen EADDRINUSE: address already in use :::5000
    at Server.setupListenHandle [as _listen2] (node:net:1939:16)
    at listenInCluster (node:net:1996:12)
    at Server.listen (node:net:2101:7)
    at app (D:\noonCowork\noon\coworking-backend\src\server.ts:30:8)
    at Object.<anonymous> (D:\noonCowork\noon\coworking-backend\src\server.ts:32:2)
    at Module._compile (node:internal/modules/cjs/loader:1730:14)
    at Object.transformer (D:\noonCowork\noon\coworking-backend\node_modules\tsx\dist\register-BOkp8V6j.cjs:9:3176)
    at Module.load (node:internal/modules/cjs/loader:1465:32)
    at Function._load (node:internal/modules/cjs/loader:1282:12)
    at TracingChannel.traceSync (node:diagnostics_channel:322:14)
    at wrapModuleLoad (node:internal/modules/cjs/loader:235:24)
    at cjsLoader (node:internal/modules/esm/translators:266:5)
    at ModuleWrap.<anonymous> (node:internal/modules/esm/translators:200:7)
    at ModuleJob.run (node:internal/modules/esm/module_job:274:25)
    at async onImport.tracePromise.__proto__ (node:internal/modules/esm/loader:644:26)
    at async asyncRunEntryPointWithESMLoader (node:internal/modules/run_main:116:5)
Emitted 'error' event on Server instance at:
    at emitErrorNT (node:net:1975:8)
    at process.processTicksAndRejections (node:internal/process/task_queues:90:21) {
  code: 'EADDRINUSE',
  errno: -4091,
  syscall: 'listen',
  address: '::',
  port: 5000
}

Node.js v22.15.0
